{"/home/yazan/auth-api/api-server/src/server.js": {"path":"/home/yazan/auth-api/api-server/src/server.js","statementMap":{"0":{"start":{"line":3,"column":16},"end":{"line":3,"column":34}},"1":{"start":{"line":5,"column":24},"end":{"line":5,"column":58}},"2":{"start":{"line":6,"column":21},"end":{"line":6,"column":55}},"3":{"start":{"line":7,"column":15},"end":{"line":7,"column":48}},"4":{"start":{"line":8,"column":13},"end":{"line":8,"column":28}},"5":{"start":{"line":9,"column":15},"end":{"line":9,"column":32}},"6":{"start":{"line":10,"column":17},"end":{"line":10,"column":42}},"7":{"start":{"line":11,"column":19},"end":{"line":11,"column":48}},"8":{"start":{"line":12,"column":17},"end":{"line":12,"column":42}},"9":{"start":{"line":14,"column":12},"end":{"line":14,"column":21}},"10":{"start":{"line":16,"column":0},"end":{"line":16,"column":24}},"11":{"start":{"line":18,"column":0},"end":{"line":18,"column":16}},"12":{"start":{"line":19,"column":0},"end":{"line":19,"column":16}},"13":{"start":{"line":20,"column":0},"end":{"line":20,"column":23}},"14":{"start":{"line":22,"column":0},"end":{"line":22,"column":48}},"15":{"start":{"line":23,"column":0},"end":{"line":23,"column":20}},"16":{"start":{"line":24,"column":0},"end":{"line":24,"column":29}},"17":{"start":{"line":25,"column":0},"end":{"line":25,"column":29}},"18":{"start":{"line":30,"column":0},"end":{"line":30,"column":30}},"19":{"start":{"line":31,"column":0},"end":{"line":31,"column":22}},"20":{"start":{"line":33,"column":0},"end":{"line":39,"column":2}},"21":{"start":{"line":36,"column":4},"end":{"line":36,"column":51}},"22":{"start":{"line":36,"column":17},"end":{"line":36,"column":49}},"23":{"start":{"line":37,"column":4},"end":{"line":37,"column":64}},"24":{"start":{"line":37,"column":27},"end":{"line":37,"column":62}}},"fnMap":{"0":{"name":"(anonymous_0)","decl":{"start":{"line":35,"column":9},"end":{"line":35,"column":10}},"loc":{"start":{"line":35,"column":17},"end":{"line":38,"column":3}},"line":35},"1":{"name":"(anonymous_1)","decl":{"start":{"line":37,"column":21},"end":{"line":37,"column":22}},"loc":{"start":{"line":37,"column":27},"end":{"line":37,"column":62}},"line":37}},"branchMap":{"0":{"loc":{"start":{"line":36,"column":4},"end":{"line":36,"column":51}},"type":"if","locations":[{"start":{"line":36,"column":4},"end":{"line":36,"column":51}},{"start":{"line":36,"column":4},"end":{"line":36,"column":51}}],"line":36}},"s":{"0":1,"1":1,"2":1,"3":1,"4":1,"5":1,"6":1,"7":1,"8":1,"9":1,"10":1,"11":1,"12":1,"13":1,"14":1,"15":1,"16":1,"17":1,"18":1,"19":1,"20":1,"21":0,"22":0,"23":0,"24":0},"f":{"0":0,"1":0},"b":{"0":[0,0]},"_coverageSchema":"1a1c01bbd47fc00a2c39e90264f33305004495a9","hash":"2a7c313b383af986d925d0d4cef3402a47830c47"}
,"/home/yazan/auth-api/api-server/src/error-handlers/404.js": {"path":"/home/yazan/auth-api/api-server/src/error-handlers/404.js","statementMap":{"0":{"start":{"line":12,"column":22},"end":{"line":15,"column":3}},"1":{"start":{"line":17,"column":2},"end":{"line":17,"column":36}},"2":{"start":{"line":20,"column":0},"end":{"line":20,"column":27}}},"fnMap":{"0":{"name":"handle404","decl":{"start":{"line":10,"column":9},"end":{"line":10,"column":18}},"loc":{"start":{"line":10,"column":35},"end":{"line":18,"column":1}},"line":10}},"branchMap":{},"s":{"0":1,"1":1,"2":1},"f":{"0":1},"b":{},"_coverageSchema":"1a1c01bbd47fc00a2c39e90264f33305004495a9","hash":"db9e52afe48717110d581f0241b1adee0ebc895c"}
,"/home/yazan/auth-api/api-server/src/error-handlers/500.js": {"path":"/home/yazan/auth-api/api-server/src/error-handlers/500.js","statementMap":{"0":{"start":{"line":12,"column":0},"end":{"line":22,"column":2}},"1":{"start":{"line":15,"column":16},"end":{"line":15,"column":47}},"2":{"start":{"line":17,"column":22},"end":{"line":20,"column":3}},"3":{"start":{"line":21,"column":2},"end":{"line":21,"column":36}}},"fnMap":{"0":{"name":"(anonymous_0)","decl":{"start":{"line":12,"column":17},"end":{"line":12,"column":18}},"loc":{"start":{"line":12,"column":48},"end":{"line":22,"column":1}},"line":12}},"branchMap":{"0":{"loc":{"start":{"line":15,"column":16},"end":{"line":15,"column":47}},"type":"cond-expr","locations":[{"start":{"line":15,"column":30},"end":{"line":15,"column":41}},{"start":{"line":15,"column":44},"end":{"line":15,"column":47}}],"line":15}},"s":{"0":1,"1":0,"2":0,"3":0},"f":{"0":0},"b":{"0":[0,0]},"_coverageSchema":"1a1c01bbd47fc00a2c39e90264f33305004495a9","hash":"a71080b057c3e0fa9c8669fb5197cac5187453bb"}
,"/home/yazan/auth-api/api-server/src/middleware/acl.js": {"path":"/home/yazan/auth-api/api-server/src/middleware/acl.js","statementMap":{"0":{"start":{"line":3,"column":0},"end":{"line":20,"column":1}},"1":{"start":{"line":5,"column":2},"end":{"line":18,"column":3}},"2":{"start":{"line":7,"column":4},"end":{"line":16,"column":5}},"3":{"start":{"line":8,"column":6},"end":{"line":13,"column":7}},"4":{"start":{"line":9,"column":8},"end":{"line":9,"column":15}},"5":{"start":{"line":12,"column":8},"end":{"line":12,"column":30}},"6":{"start":{"line":15,"column":6},"end":{"line":15,"column":28}}},"fnMap":{"0":{"name":"(anonymous_0)","decl":{"start":{"line":3,"column":17},"end":{"line":3,"column":18}},"loc":{"start":{"line":3,"column":33},"end":{"line":20,"column":1}},"line":3},"1":{"name":"(anonymous_1)","decl":{"start":{"line":5,"column":9},"end":{"line":5,"column":10}},"loc":{"start":{"line":5,"column":29},"end":{"line":18,"column":3}},"line":5}},"branchMap":{"0":{"loc":{"start":{"line":8,"column":6},"end":{"line":13,"column":7}},"type":"if","locations":[{"start":{"line":8,"column":6},"end":{"line":13,"column":7}},{"start":{"line":8,"column":6},"end":{"line":13,"column":7}}],"line":8}},"s":{"0":1,"1":4,"2":3,"3":3,"4":3,"5":0,"6":0},"f":{"0":4,"1":3},"b":{"0":[3,0]},"_coverageSchema":"1a1c01bbd47fc00a2c39e90264f33305004495a9","hash":"9ef7052cfeb797df896d36f6d5885a9d47e8e599"}
,"/home/yazan/auth-api/api-server/src/middleware/basic.js": {"path":"/home/yazan/auth-api/api-server/src/middleware/basic.js","statementMap":{"0":{"start":{"line":3,"column":15},"end":{"line":3,"column":33}},"1":{"start":{"line":4,"column":18},"end":{"line":4,"column":38}},"2":{"start":{"line":6,"column":0},"end":{"line":24,"column":1}},"3":{"start":{"line":8,"column":2},"end":{"line":8,"column":58}},"4":{"start":{"line":8,"column":36},"end":{"line":8,"column":56}},"5":{"start":{"line":10,"column":14},"end":{"line":10,"column":56}},"6":{"start":{"line":11,"column":21},"end":{"line":11,"column":52}},"7":{"start":{"line":13,"column":2},"end":{"line":18,"column":3}},"8":{"start":{"line":14,"column":4},"end":{"line":14,"column":56}},"9":{"start":{"line":15,"column":4},"end":{"line":15,"column":11}},"10":{"start":{"line":17,"column":4},"end":{"line":17,"column":16}},"11":{"start":{"line":21,"column":4},"end":{"line":21,"column":42}}},"fnMap":{"0":{"name":"(anonymous_0)","decl":{"start":{"line":6,"column":17},"end":{"line":6,"column":18}},"loc":{"start":{"line":6,"column":43},"end":{"line":24,"column":1}},"line":6},"1":{"name":"_authError","decl":{"start":{"line":20,"column":11},"end":{"line":20,"column":21}},"loc":{"start":{"line":20,"column":24},"end":{"line":22,"column":3}},"line":20}},"branchMap":{"0":{"loc":{"start":{"line":8,"column":2},"end":{"line":8,"column":58}},"type":"if","locations":[{"start":{"line":8,"column":2},"end":{"line":8,"column":58}},{"start":{"line":8,"column":2},"end":{"line":8,"column":58}}],"line":8}},"s":{"0":1,"1":1,"2":1,"3":6,"4":0,"5":6,"6":6,"7":6,"8":6,"9":6,"10":0,"11":0},"f":{"0":6,"1":0},"b":{"0":[0,6]},"_coverageSchema":"1a1c01bbd47fc00a2c39e90264f33305004495a9","hash":"d85f2ea9b79eb62bcc82083790a61daf68090610"}
,"/home/yazan/auth-api/api-server/src/middleware/bearer.js": {"path":"/home/yazan/auth-api/api-server/src/middleware/bearer.js","statementMap":{"0":{"start":{"line":3,"column":18},"end":{"line":3,"column":38}},"1":{"start":{"line":5,"column":0},"end":{"line":24,"column":1}},"2":{"start":{"line":7,"column":2},"end":{"line":19,"column":3}},"3":{"start":{"line":9,"column":4},"end":{"line":9,"column":52}},"4":{"start":{"line":9,"column":38},"end":{"line":9,"column":50}},"5":{"start":{"line":11,"column":18},"end":{"line":11,"column":60}},"6":{"start":{"line":12,"column":22},"end":{"line":12,"column":58}},"7":{"start":{"line":13,"column":4},"end":{"line":13,"column":25}},"8":{"start":{"line":14,"column":4},"end":{"line":14,"column":32}},"9":{"start":{"line":15,"column":4},"end":{"line":15,"column":11}},"10":{"start":{"line":18,"column":4},"end":{"line":18,"column":17}},"11":{"start":{"line":22,"column":4},"end":{"line":22,"column":26}}},"fnMap":{"0":{"name":"(anonymous_0)","decl":{"start":{"line":5,"column":17},"end":{"line":5,"column":18}},"loc":{"start":{"line":5,"column":43},"end":{"line":24,"column":1}},"line":5},"1":{"name":"_authError","decl":{"start":{"line":21,"column":11},"end":{"line":21,"column":21}},"loc":{"start":{"line":21,"column":24},"end":{"line":23,"column":3}},"line":21}},"branchMap":{"0":{"loc":{"start":{"line":9,"column":4},"end":{"line":9,"column":52}},"type":"if","locations":[{"start":{"line":9,"column":4},"end":{"line":9,"column":52}},{"start":{"line":9,"column":4},"end":{"line":9,"column":52}}],"line":9}},"s":{"0":1,"1":1,"2":5,"3":5,"4":0,"5":5,"6":5,"7":5,"8":5,"9":5,"10":0,"11":0},"f":{"0":5,"1":0},"b":{"0":[0,5]},"_coverageSchema":"1a1c01bbd47fc00a2c39e90264f33305004495a9","hash":"b0c40c1416a7391f5358270150c60512a4839617"}
,"/home/yazan/auth-api/api-server/src/middleware/logger.js": {"path":"/home/yazan/auth-api/api-server/src/middleware/logger.js","statementMap":{"0":{"start":{"line":5,"column":15},"end":{"line":10,"column":1}},"1":{"start":{"line":6,"column":2},"end":{"line":6,"column":48}},"2":{"start":{"line":9,"column":2},"end":{"line":9,"column":9}},"3":{"start":{"line":12,"column":0},"end":{"line":12,"column":24}}},"fnMap":{"0":{"name":"(anonymous_0)","decl":{"start":{"line":5,"column":15},"end":{"line":5,"column":16}},"loc":{"start":{"line":5,"column":35},"end":{"line":10,"column":1}},"line":5}},"branchMap":{},"s":{"0":1,"1":23,"2":23,"3":1},"f":{"0":23},"b":{},"_coverageSchema":"1a1c01bbd47fc00a2c39e90264f33305004495a9","hash":"20b4355a7e204d87bbdb82651ac486f890f1d26c"}
,"/home/yazan/auth-api/api-server/src/models/data-collection.js": {"path":"/home/yazan/auth-api/api-server/src/models/data-collection.js","statementMap":{"0":{"start":{"line":10,"column":4},"end":{"line":10,"column":23}},"1":{"start":{"line":14,"column":4},"end":{"line":19,"column":5}},"2":{"start":{"line":15,"column":6},"end":{"line":15,"column":40}},"3":{"start":{"line":18,"column":6},"end":{"line":18,"column":36}},"4":{"start":{"line":23,"column":4},"end":{"line":23,"column":37}},"5":{"start":{"line":27,"column":4},"end":{"line":28,"column":43}},"6":{"start":{"line":28,"column":22},"end":{"line":28,"column":41}},"7":{"start":{"line":32,"column":4},"end":{"line":32,"column":48}},"8":{"start":{"line":37,"column":0},"end":{"line":37,"column":32}}},"fnMap":{"0":{"name":"(anonymous_0)","decl":{"start":{"line":9,"column":2},"end":{"line":9,"column":3}},"loc":{"start":{"line":9,"column":21},"end":{"line":11,"column":3}},"line":9},"1":{"name":"(anonymous_1)","decl":{"start":{"line":13,"column":2},"end":{"line":13,"column":3}},"loc":{"start":{"line":13,"column":10},"end":{"line":20,"column":3}},"line":13},"2":{"name":"(anonymous_2)","decl":{"start":{"line":22,"column":2},"end":{"line":22,"column":3}},"loc":{"start":{"line":22,"column":17},"end":{"line":24,"column":3}},"line":22},"3":{"name":"(anonymous_3)","decl":{"start":{"line":26,"column":2},"end":{"line":26,"column":3}},"loc":{"start":{"line":26,"column":25},"end":{"line":29,"column":3}},"line":26},"4":{"name":"(anonymous_4)","decl":{"start":{"line":28,"column":12},"end":{"line":28,"column":13}},"loc":{"start":{"line":28,"column":22},"end":{"line":28,"column":41}},"line":28},"5":{"name":"(anonymous_5)","decl":{"start":{"line":31,"column":2},"end":{"line":31,"column":3}},"loc":{"start":{"line":31,"column":13},"end":{"line":33,"column":3}},"line":31}},"branchMap":{"0":{"loc":{"start":{"line":14,"column":4},"end":{"line":19,"column":5}},"type":"if","locations":[{"start":{"line":14,"column":4},"end":{"line":19,"column":5}},{"start":{"line":14,"column":4},"end":{"line":19,"column":5}}],"line":14}},"s":{"0":2,"1":4,"2":2,"3":2,"4":4,"5":2,"6":2,"7":4,"8":1},"f":{"0":2,"1":4,"2":4,"3":2,"4":2,"5":4},"b":{"0":[2,2]},"_coverageSchema":"1a1c01bbd47fc00a2c39e90264f33305004495a9","hash":"1186fe1b22d6f480ac992dc77d4deceb2fd46fa8"}
,"/home/yazan/auth-api/api-server/src/models/index.js": {"path":"/home/yazan/auth-api/api-server/src/models/index.js","statementMap":{"0":{"start":{"line":3,"column":33},"end":{"line":3,"column":53}},"1":{"start":{"line":4,"column":21},"end":{"line":4,"column":50}},"2":{"start":{"line":5,"column":18},"end":{"line":5,"column":44}},"3":{"start":{"line":6,"column":19},"end":{"line":6,"column":50}},"4":{"start":{"line":7,"column":18},"end":{"line":7,"column":39}},"5":{"start":{"line":9,"column":21},"end":{"line":9,"column":65}},"6":{"start":{"line":11,"column":18},"end":{"line":11,"column":45}},"7":{"start":{"line":12,"column":13},"end":{"line":12,"column":44}},"8":{"start":{"line":13,"column":16},"end":{"line":13,"column":50}},"9":{"start":{"line":15,"column":0},"end":{"line":20,"column":2}}},"fnMap":{},"branchMap":{"0":{"loc":{"start":{"line":9,"column":21},"end":{"line":9,"column":65}},"type":"binary-expr","locations":[{"start":{"line":9,"column":21},"end":{"line":9,"column":45}},{"start":{"line":9,"column":49},"end":{"line":9,"column":65}}],"line":9}},"s":{"0":1,"1":1,"2":1,"3":1,"4":1,"5":1,"6":1,"7":1,"8":1,"9":1},"f":{},"b":{"0":[1,0]},"_coverageSchema":"1a1c01bbd47fc00a2c39e90264f33305004495a9","hash":"ed51fee41e333fb05cf5cd46c59a5ba8ae4d3bfe"}
,"/home/yazan/auth-api/api-server/src/models/users.js": {"path":"/home/yazan/auth-api/api-server/src/models/users.js","statementMap":{"0":{"start":{"line":3,"column":15},"end":{"line":3,"column":32}},"1":{"start":{"line":4,"column":12},"end":{"line":4,"column":35}},"2":{"start":{"line":6,"column":15},"end":{"line":6,"column":51}},"3":{"start":{"line":8,"column":18},"end":{"line":61,"column":1}},"4":{"start":{"line":9,"column":16},"end":{"line":35,"column":4}},"5":{"start":{"line":16,"column":8},"end":{"line":16,"column":61}},"6":{"start":{"line":19,"column":20},"end":{"line":19,"column":46}},"7":{"start":{"line":20,"column":8},"end":{"line":20,"column":21}},"8":{"start":{"line":26,"column":20},"end":{"line":31,"column":9}},"9":{"start":{"line":32,"column":8},"end":{"line":32,"column":30}},"10":{"start":{"line":37,"column":2},"end":{"line":40,"column":5}},"11":{"start":{"line":38,"column":21},"end":{"line":38,"column":57}},"12":{"start":{"line":39,"column":4},"end":{"line":39,"column":31}},"13":{"start":{"line":42,"column":2},"end":{"line":47,"column":4}},"14":{"start":{"line":43,"column":17},"end":{"line":43,"column":60}},"15":{"start":{"line":44,"column":18},"end":{"line":44,"column":63}},"16":{"start":{"line":45,"column":4},"end":{"line":45,"column":31}},"17":{"start":{"line":45,"column":17},"end":{"line":45,"column":29}},"18":{"start":{"line":46,"column":4},"end":{"line":46,"column":36}},"19":{"start":{"line":49,"column":2},"end":{"line":58,"column":4}},"20":{"start":{"line":50,"column":4},"end":{"line":57,"column":5}},"21":{"start":{"line":51,"column":26},"end":{"line":51,"column":51}},"22":{"start":{"line":52,"column":19},"end":{"line":52,"column":77}},"23":{"start":{"line":53,"column":6},"end":{"line":53,"column":32}},"24":{"start":{"line":53,"column":18},"end":{"line":53,"column":30}},"25":{"start":{"line":54,"column":6},"end":{"line":54,"column":40}},"26":{"start":{"line":56,"column":6},"end":{"line":56,"column":32}},"27":{"start":{"line":60,"column":2},"end":{"line":60,"column":15}},"28":{"start":{"line":63,"column":0},"end":{"line":63,"column":27}}},"fnMap":{"0":{"name":"(anonymous_0)","decl":{"start":{"line":8,"column":18},"end":{"line":8,"column":19}},"loc":{"start":{"line":8,"column":44},"end":{"line":61,"column":1}},"line":8},"1":{"name":"(anonymous_1)","decl":{"start":{"line":15,"column":6},"end":{"line":15,"column":7}},"loc":{"start":{"line":15,"column":12},"end":{"line":17,"column":7}},"line":15},"2":{"name":"(anonymous_2)","decl":{"start":{"line":18,"column":6},"end":{"line":18,"column":7}},"loc":{"start":{"line":18,"column":20},"end":{"line":21,"column":7}},"line":18},"3":{"name":"(anonymous_3)","decl":{"start":{"line":25,"column":6},"end":{"line":25,"column":7}},"loc":{"start":{"line":25,"column":12},"end":{"line":33,"column":7}},"line":25},"4":{"name":"(anonymous_4)","decl":{"start":{"line":37,"column":21},"end":{"line":37,"column":22}},"loc":{"start":{"line":37,"column":37},"end":{"line":40,"column":3}},"line":37},"5":{"name":"(anonymous_5)","decl":{"start":{"line":42,"column":28},"end":{"line":42,"column":29}},"loc":{"start":{"line":42,"column":64},"end":{"line":47,"column":3}},"line":42},"6":{"name":"(anonymous_6)","decl":{"start":{"line":49,"column":28},"end":{"line":49,"column":29}},"loc":{"start":{"line":49,"column":51},"end":{"line":58,"column":3}},"line":49}},"branchMap":{"0":{"loc":{"start":{"line":6,"column":15},"end":{"line":6,"column":51}},"type":"binary-expr","locations":[{"start":{"line":6,"column":15},"end":{"line":6,"column":33}},{"start":{"line":6,"column":37},"end":{"line":6,"column":51}}],"line":6},"1":{"loc":{"start":{"line":45,"column":4},"end":{"line":45,"column":31}},"type":"if","locations":[{"start":{"line":45,"column":4},"end":{"line":45,"column":31}},{"start":{"line":45,"column":4},"end":{"line":45,"column":31}}],"line":45},"2":{"loc":{"start":{"line":53,"column":6},"end":{"line":53,"column":32}},"type":"if","locations":[{"start":{"line":53,"column":6},"end":{"line":53,"column":32}},{"start":{"line":53,"column":6},"end":{"line":53,"column":32}}],"line":53}},"s":{"0":1,"1":1,"2":1,"3":1,"4":1,"5":19,"6":0,"7":0,"8":10,"9":10,"10":1,"11":1,"12":1,"13":1,"14":6,"15":6,"16":6,"17":6,"18":0,"19":1,"20":5,"21":5,"22":5,"23":5,"24":5,"25":0,"26":0,"27":1,"28":1},"f":{"0":1,"1":19,"2":0,"3":10,"4":1,"5":6,"6":5},"b":{"0":[1,0],"1":[6,0],"2":[5,0]},"_coverageSchema":"1a1c01bbd47fc00a2c39e90264f33305004495a9","hash":"1768821e43f4fc952945267b8b035ef3bae1b2d9"}
,"/home/yazan/auth-api/api-server/src/models/clothes/model.js": {"path":"/home/yazan/auth-api/api-server/src/models/clothes/model.js","statementMap":{"0":{"start":{"line":3,"column":21},"end":{"line":7,"column":2}},"1":{"start":{"line":3,"column":47},"end":{"line":7,"column":2}},"2":{"start":{"line":9,"column":0},"end":{"line":9,"column":30}}},"fnMap":{"0":{"name":"(anonymous_0)","decl":{"start":{"line":3,"column":21},"end":{"line":3,"column":22}},"loc":{"start":{"line":3,"column":47},"end":{"line":7,"column":2}},"line":3}},"branchMap":{},"s":{"0":1,"1":1,"2":1},"f":{"0":1},"b":{},"_coverageSchema":"1a1c01bbd47fc00a2c39e90264f33305004495a9","hash":"c2c3250770437782f49c04d7160ec02f66a570e6"}
,"/home/yazan/auth-api/api-server/src/models/food/model.js": {"path":"/home/yazan/auth-api/api-server/src/models/food/model.js","statementMap":{"0":{"start":{"line":3,"column":18},"end":{"line":7,"column":2}},"1":{"start":{"line":3,"column":44},"end":{"line":7,"column":2}},"2":{"start":{"line":9,"column":0},"end":{"line":9,"column":27}}},"fnMap":{"0":{"name":"(anonymous_0)","decl":{"start":{"line":3,"column":18},"end":{"line":3,"column":19}},"loc":{"start":{"line":3,"column":44},"end":{"line":7,"column":2}},"line":3}},"branchMap":{},"s":{"0":1,"1":1,"2":1},"f":{"0":1},"b":{},"_coverageSchema":"1a1c01bbd47fc00a2c39e90264f33305004495a9","hash":"b3466a354b7d220cca8ecfcf9c9165735ba13f58"}
,"/home/yazan/auth-api/api-server/src/routes/routes.js": {"path":"/home/yazan/auth-api/api-server/src/routes/routes.js","statementMap":{"0":{"start":{"line":3,"column":16},"end":{"line":3,"column":34}},"1":{"start":{"line":6,"column":18},"end":{"line":6,"column":38}},"2":{"start":{"line":7,"column":18},"end":{"line":7,"column":51}},"3":{"start":{"line":8,"column":19},"end":{"line":8,"column":53}},"4":{"start":{"line":9,"column":20},"end":{"line":9,"column":51}},"5":{"start":{"line":12,"column":15},"end":{"line":12,"column":31}},"6":{"start":{"line":14,"column":0},"end":{"line":25,"column":5}},"7":{"start":{"line":15,"column":4},"end":{"line":24,"column":5}},"8":{"start":{"line":16,"column":23},"end":{"line":16,"column":51}},"9":{"start":{"line":17,"column":21},"end":{"line":20,"column":7}},"10":{"start":{"line":21,"column":6},"end":{"line":21,"column":35}},"11":{"start":{"line":23,"column":6},"end":{"line":23,"column":21}},"12":{"start":{"line":27,"column":2},"end":{"line":33,"column":5}},"13":{"start":{"line":28,"column":17},"end":{"line":31,"column":5}},"14":{"start":{"line":32,"column":4},"end":{"line":32,"column":31}},"15":{"start":{"line":35,"column":2},"end":{"line":39,"column":5}},"16":{"start":{"line":36,"column":24},"end":{"line":36,"column":47}},"17":{"start":{"line":37,"column":17},"end":{"line":37,"column":55}},"18":{"start":{"line":37,"column":41},"end":{"line":37,"column":54}},"19":{"start":{"line":38,"column":4},"end":{"line":38,"column":31}},"20":{"start":{"line":41,"column":2},"end":{"line":43,"column":5}},"21":{"start":{"line":42,"column":4},"end":{"line":42,"column":54}},"22":{"start":{"line":46,"column":2},"end":{"line":46,"column":26}}},"fnMap":{"0":{"name":"(anonymous_0)","decl":{"start":{"line":14,"column":23},"end":{"line":14,"column":24}},"loc":{"start":{"line":14,"column":49},"end":{"line":25,"column":3}},"line":14},"1":{"name":"(anonymous_1)","decl":{"start":{"line":27,"column":36},"end":{"line":27,"column":37}},"loc":{"start":{"line":27,"column":56},"end":{"line":33,"column":3}},"line":27},"2":{"name":"(anonymous_2)","decl":{"start":{"line":35,"column":58},"end":{"line":35,"column":59}},"loc":{"start":{"line":35,"column":84},"end":{"line":39,"column":3}},"line":35},"3":{"name":"(anonymous_3)","decl":{"start":{"line":37,"column":33},"end":{"line":37,"column":34}},"loc":{"start":{"line":37,"column":41},"end":{"line":37,"column":54}},"line":37},"4":{"name":"(anonymous_4)","decl":{"start":{"line":41,"column":36},"end":{"line":41,"column":37}},"loc":{"start":{"line":41,"column":62},"end":{"line":43,"column":3}},"line":41}},"branchMap":{},"s":{"0":1,"1":1,"2":1,"3":1,"4":1,"5":1,"6":1,"7":1,"8":1,"9":1,"10":1,"11":0,"12":1,"13":6,"14":6,"15":1,"16":1,"17":1,"18":1,"19":1,"20":1,"21":0,"22":1},"f":{"0":1,"1":6,"2":1,"3":1,"4":0},"b":{},"_coverageSchema":"1a1c01bbd47fc00a2c39e90264f33305004495a9","hash":"ea5b1d46c1508cb9b9460b21a501ce25a763e101"}
,"/home/yazan/auth-api/api-server/src/routes/v1.js": {"path":"/home/yazan/auth-api/api-server/src/routes/v1.js","statementMap":{"0":{"start":{"line":3,"column":16},"end":{"line":3,"column":34}},"1":{"start":{"line":4,"column":20},"end":{"line":4,"column":40}},"2":{"start":{"line":7,"column":15},"end":{"line":7,"column":31}},"3":{"start":{"line":9,"column":0},"end":{"line":18,"column":3}},"4":{"start":{"line":10,"column":20},"end":{"line":10,"column":36}},"5":{"start":{"line":12,"column":2},"end":{"line":17,"column":3}},"6":{"start":{"line":13,"column":4},"end":{"line":13,"column":39}},"7":{"start":{"line":14,"column":4},"end":{"line":14,"column":11}},"8":{"start":{"line":16,"column":4},"end":{"line":16,"column":26}},"9":{"start":{"line":20,"column":0},"end":{"line":20,"column":36}},"10":{"start":{"line":21,"column":0},"end":{"line":21,"column":22}},"11":{"start":{"line":23,"column":0},"end":{"line":23,"column":40}},"12":{"start":{"line":24,"column":0},"end":{"line":24,"column":37}},"13":{"start":{"line":25,"column":0},"end":{"line":25,"column":40}},"14":{"start":{"line":26,"column":0},"end":{"line":26,"column":43}},"15":{"start":{"line":30,"column":2},"end":{"line":30,"column":32}},"16":{"start":{"line":34,"column":19},"end":{"line":34,"column":40}},"17":{"start":{"line":35,"column":2},"end":{"line":35,"column":35}},"18":{"start":{"line":39,"column":13},"end":{"line":39,"column":26}},"19":{"start":{"line":40,"column":18},"end":{"line":40,"column":41}},"20":{"start":{"line":41,"column":2},"end":{"line":41,"column":34}},"21":{"start":{"line":45,"column":12},"end":{"line":45,"column":20}},"22":{"start":{"line":46,"column":18},"end":{"line":46,"column":45}},"23":{"start":{"line":47,"column":2},"end":{"line":47,"column":34}},"24":{"start":{"line":51,"column":13},"end":{"line":51,"column":26}},"25":{"start":{"line":52,"column":14},"end":{"line":52,"column":22}},"26":{"start":{"line":53,"column":22},"end":{"line":53,"column":53}},"27":{"start":{"line":54,"column":2},"end":{"line":54,"column":38}},"28":{"start":{"line":58,"column":11},"end":{"line":58,"column":24}},"29":{"start":{"line":59,"column":22},"end":{"line":59,"column":48}},"30":{"start":{"line":60,"column":2},"end":{"line":60,"column":38}},"31":{"start":{"line":65,"column":0},"end":{"line":65,"column":24}}},"fnMap":{"0":{"name":"(anonymous_0)","decl":{"start":{"line":9,"column":22},"end":{"line":9,"column":23}},"loc":{"start":{"line":9,"column":42},"end":{"line":18,"column":1}},"line":9},"1":{"name":"test","decl":{"start":{"line":28,"column":15},"end":{"line":28,"column":19}},"loc":{"start":{"line":28,"column":30},"end":{"line":31,"column":1}},"line":28},"2":{"name":"handleGetAll","decl":{"start":{"line":33,"column":15},"end":{"line":33,"column":27}},"loc":{"start":{"line":33,"column":38},"end":{"line":36,"column":1}},"line":33},"3":{"name":"handleGetOne","decl":{"start":{"line":38,"column":15},"end":{"line":38,"column":27}},"loc":{"start":{"line":38,"column":38},"end":{"line":42,"column":1}},"line":38},"4":{"name":"handleCreate","decl":{"start":{"line":44,"column":15},"end":{"line":44,"column":27}},"loc":{"start":{"line":44,"column":38},"end":{"line":48,"column":1}},"line":44},"5":{"name":"handleUpdate","decl":{"start":{"line":50,"column":15},"end":{"line":50,"column":27}},"loc":{"start":{"line":50,"column":38},"end":{"line":55,"column":1}},"line":50},"6":{"name":"handleDelete","decl":{"start":{"line":57,"column":15},"end":{"line":57,"column":27}},"loc":{"start":{"line":57,"column":38},"end":{"line":61,"column":1}},"line":57}},"branchMap":{"0":{"loc":{"start":{"line":12,"column":2},"end":{"line":17,"column":3}},"type":"if","locations":[{"start":{"line":12,"column":2},"end":{"line":17,"column":3}},{"start":{"line":12,"column":2},"end":{"line":17,"column":3}}],"line":12}},"s":{"0":1,"1":1,"2":1,"3":1,"4":10,"5":10,"6":10,"7":10,"8":0,"9":1,"10":1,"11":1,"12":1,"13":1,"14":1,"15":0,"16":1,"17":1,"18":2,"19":2,"20":2,"21":3,"22":3,"23":3,"24":1,"25":1,"26":1,"27":1,"28":3,"29":3,"30":3,"31":1},"f":{"0":10,"1":0,"2":1,"3":2,"4":3,"5":1,"6":3},"b":{"0":[10,0]},"_coverageSchema":"1a1c01bbd47fc00a2c39e90264f33305004495a9","hash":"47565d1f616aed5ca620c962a170476abd0f8877"}
,"/home/yazan/auth-api/api-server/src/routes/v2.js": {"path":"/home/yazan/auth-api/api-server/src/routes/v2.js","statementMap":{"0":{"start":{"line":3,"column":16},"end":{"line":3,"column":34}},"1":{"start":{"line":4,"column":20},"end":{"line":4,"column":40}},"2":{"start":{"line":5,"column":18},"end":{"line":5,"column":51}},"3":{"start":{"line":6,"column":19},"end":{"line":6,"column":53}},"4":{"start":{"line":7,"column":20},"end":{"line":7,"column":51}},"5":{"start":{"line":10,"column":15},"end":{"line":10,"column":31}},"6":{"start":{"line":12,"column":0},"end":{"line":21,"column":3}},"7":{"start":{"line":13,"column":20},"end":{"line":13,"column":36}},"8":{"start":{"line":15,"column":2},"end":{"line":20,"column":3}},"9":{"start":{"line":16,"column":4},"end":{"line":16,"column":39}},"10":{"start":{"line":17,"column":4},"end":{"line":17,"column":11}},"11":{"start":{"line":19,"column":4},"end":{"line":19,"column":26}},"12":{"start":{"line":23,"column":0},"end":{"line":23,"column":48}},"13":{"start":{"line":24,"column":0},"end":{"line":24,"column":22}},"14":{"start":{"line":26,"column":0},"end":{"line":26,"column":40}},"15":{"start":{"line":27,"column":0},"end":{"line":27,"column":49}},"16":{"start":{"line":28,"column":0},"end":{"line":28,"column":75}},"17":{"start":{"line":29,"column":0},"end":{"line":29,"column":75}},"18":{"start":{"line":30,"column":0},"end":{"line":30,"column":78}},"19":{"start":{"line":34,"column":2},"end":{"line":34,"column":32}},"20":{"start":{"line":38,"column":19},"end":{"line":38,"column":40}},"21":{"start":{"line":39,"column":2},"end":{"line":39,"column":35}},"22":{"start":{"line":43,"column":13},"end":{"line":43,"column":26}},"23":{"start":{"line":44,"column":18},"end":{"line":44,"column":41}},"24":{"start":{"line":45,"column":2},"end":{"line":45,"column":34}},"25":{"start":{"line":49,"column":12},"end":{"line":49,"column":20}},"26":{"start":{"line":50,"column":18},"end":{"line":50,"column":45}},"27":{"start":{"line":51,"column":2},"end":{"line":51,"column":34}},"28":{"start":{"line":55,"column":13},"end":{"line":55,"column":26}},"29":{"start":{"line":56,"column":14},"end":{"line":56,"column":22}},"30":{"start":{"line":57,"column":22},"end":{"line":57,"column":53}},"31":{"start":{"line":58,"column":2},"end":{"line":58,"column":38}},"32":{"start":{"line":62,"column":15},"end":{"line":62,"column":28}},"33":{"start":{"line":63,"column":16},"end":{"line":63,"column":24}},"34":{"start":{"line":64,"column":24},"end":{"line":64,"column":55}},"35":{"start":{"line":65,"column":4},"end":{"line":65,"column":40}},"36":{"start":{"line":69,"column":11},"end":{"line":69,"column":24}},"37":{"start":{"line":70,"column":22},"end":{"line":70,"column":48}},"38":{"start":{"line":71,"column":2},"end":{"line":71,"column":38}},"39":{"start":{"line":76,"column":0},"end":{"line":76,"column":24}}},"fnMap":{"0":{"name":"(anonymous_0)","decl":{"start":{"line":12,"column":22},"end":{"line":12,"column":23}},"loc":{"start":{"line":12,"column":42},"end":{"line":21,"column":1}},"line":12},"1":{"name":"test","decl":{"start":{"line":32,"column":15},"end":{"line":32,"column":19}},"loc":{"start":{"line":32,"column":30},"end":{"line":35,"column":1}},"line":32},"2":{"name":"handleGetAll","decl":{"start":{"line":37,"column":15},"end":{"line":37,"column":27}},"loc":{"start":{"line":37,"column":38},"end":{"line":40,"column":1}},"line":37},"3":{"name":"handleGetOne","decl":{"start":{"line":42,"column":15},"end":{"line":42,"column":27}},"loc":{"start":{"line":42,"column":38},"end":{"line":46,"column":1}},"line":42},"4":{"name":"handleCreate","decl":{"start":{"line":48,"column":15},"end":{"line":48,"column":27}},"loc":{"start":{"line":48,"column":38},"end":{"line":52,"column":1}},"line":48},"5":{"name":"handleUpdate","decl":{"start":{"line":54,"column":15},"end":{"line":54,"column":27}},"loc":{"start":{"line":54,"column":38},"end":{"line":59,"column":1}},"line":54},"6":{"name":"handlePatch","decl":{"start":{"line":61,"column":15},"end":{"line":61,"column":26}},"loc":{"start":{"line":61,"column":37},"end":{"line":66,"column":3}},"line":61},"7":{"name":"handleDelete","decl":{"start":{"line":68,"column":15},"end":{"line":68,"column":27}},"loc":{"start":{"line":68,"column":38},"end":{"line":72,"column":1}},"line":68}},"branchMap":{"0":{"loc":{"start":{"line":15,"column":2},"end":{"line":20,"column":3}},"type":"if","locations":[{"start":{"line":15,"column":2},"end":{"line":20,"column":3}},{"start":{"line":15,"column":2},"end":{"line":20,"column":3}}],"line":15}},"s":{"0":1,"1":1,"2":1,"3":1,"4":1,"5":1,"6":1,"7":4,"8":4,"9":4,"10":4,"11":0,"12":1,"13":1,"14":1,"15":1,"16":1,"17":1,"18":1,"19":0,"20":1,"21":1,"22":0,"23":0,"24":0,"25":1,"26":1,"27":1,"28":1,"29":1,"30":1,"31":1,"32":0,"33":0,"34":0,"35":0,"36":1,"37":1,"38":1,"39":1},"f":{"0":4,"1":0,"2":1,"3":0,"4":1,"5":1,"6":0,"7":1},"b":{"0":[4,0]},"_coverageSchema":"1a1c01bbd47fc00a2c39e90264f33305004495a9","hash":"22f83af5b6d311b7158b7e658e1f603c779a443c"}
}
